app/build/intermediates/manifest_merge_blame_file/debug/manifest-merger-blame-debug-report.txt
1<?xml version="1.0" encoding="utf-8"?>
2<manifest xmlns:android="http://schemas.android.com/apk/res/android"
3    package="com.example.supermerganimeroom"
4    android:versionCode="1"
5    android:versionName="1.0" >
6
7    <uses-sdk
8        android:minSdkVersion="15"
8-->src/main/AndroidManifest.xml
9        android:targetSdkVersion="29" />
9-->src/main/AndroidManifest.xml
10
11    <uses-feature
11-->src/main/AndroidManifest.xml:5:5-7:35
12        android:name="android.hardware.Camera"
12-->src/main/AndroidManifest.xml:6:9-47
13        android:required="true" />
13-->src/main/AndroidManifest.xml:7:9-32
14
15    <application
15-->src/main/AndroidManifest.xml:9:5-29:19
16        android:allowBackup="true"
16-->src/main/AndroidManifest.xml:10:9-35
17        android:appComponentFactory="androidx.core.app.CoreComponentFactory"
17-->[androidx.core:core:1.0.1] AndroidManifest.xml:22:18-86
18        android:debuggable="true"
19        android:icon="@mipmap/ic_launcher"
19-->src/main/AndroidManifest.xml:11:9-43
20        android:label="@string/app_name"
20-->src/main/AndroidManifest.xml:12:9-41
21        android:roundIcon="@mipmap/ic_launcher_round"
21-->src/main/AndroidManifest.xml:13:9-54
22        android:supportsRtl="true"
22-->src/main/AndroidManifest.xml:14:9-35
23        android:testOnly="true"
24        android:theme="@style/AppTheme" >
24-->src/main/AndroidManifest.xml:15:9-40
25        <activity android:name="com.example.supermerganimeroom.UsuariosListActivity" />
25-->src/main/AndroidManifest.xml:16:9-67
25-->src/main/AndroidManifest.xml:16:19-55
26        <activity android:name="com.example.supermerganimeroom.AnimeListActivity" />
26-->src/main/AndroidManifest.xml:17:9-55
26-->src/main/AndroidManifest.xml:17:19-52
27        <activity android:name="com.example.supermerganimeroom.DepoisDoLoginActivity" />
27-->src/main/AndroidManifest.xml:18:9-59
27-->src/main/AndroidManifest.xml:18:19-56
28        <activity android:name="com.example.supermerganimeroom.CadastroActivity" />
28-->src/main/AndroidManifest.xml:19:9-54
28-->src/main/AndroidManifest.xml:19:19-51
29        <activity
29-->src/main/AndroidManifest.xml:20:9-28:20
30            android:name="com.example.supermerganimeroom.MainActivity"
30-->src/main/AndroidManifest.xml:21:13-41
31            android:windowSoftInputMode="adjustPan|stateHidden" >
31-->src/main/AndroidManifest.xml:22:13-64
32            <intent-filter>
32-->src/main/AndroidManifest.xml:23:13-27:29
33                <action android:name="android.intent.action.MAIN" />
33-->src/main/AndroidManifest.xml:24:17-69
33-->src/main/AndroidManifest.xml:24:25-66
34
35                <category android:name="android.intent.category.LAUNCHER" />
35-->src/main/AndroidManifest.xml:26:17-77
35-->src/main/AndroidManifest.xml:26:27-74
36            </intent-filter>
37        </activity>
38    </application>
39
40</manifest>